2021-09-06 13:25:39.345  INFO 10892 --- [restartedMain] net.deile.SpringBootProjectApplication   : Starting SpringBootProjectApplication using Java 11.0.11 on tic210801 with PID 10892 (C:\workspace\MySite\target\classes started by k_yamamoto in C:\workspace\MySite)
2021-09-06 13:25:39.345  INFO 10892 --- [restartedMain] net.deile.SpringBootProjectApplication   : The following profiles are active: dev
2021-09-06 13:25:39.526  INFO 10892 --- [restartedMain] .s.d.r.c.RepositoryConfigurationDelegate : Bootstrapping Spring Data JDBC repositories in DEFAULT mode.
2021-09-06 13:25:39.552  INFO 10892 --- [restartedMain] .s.d.r.c.RepositoryConfigurationDelegate : Finished Spring Data repository scanning in 26 ms. Found 4 JDBC repository interfaces.
2021-09-06 13:25:39.620  INFO 10892 --- [restartedMain] o.s.b.w.embedded.tomcat.TomcatWebServer  : Tomcat initialized with port(s): 8080 (http)
2021-09-06 13:25:39.621  INFO 10892 --- [restartedMain] o.apache.catalina.core.StandardService   : Starting service [Tomcat]
2021-09-06 13:25:39.621  INFO 10892 --- [restartedMain] org.apache.catalina.core.StandardEngine  : Starting Servlet engine: [Apache Tomcat/9.0.52]
2021-09-06 13:25:39.648  INFO 10892 --- [restartedMain] o.a.c.c.C.[Tomcat].[localhost].[/]       : Initializing Spring embedded WebApplicationContext
2021-09-06 13:25:39.649  INFO 10892 --- [restartedMain] w.s.c.ServletWebServerApplicationContext : Root WebApplicationContext: initialization completed in 302 ms
2021-09-06 13:25:39.675  INFO 10892 --- [restartedMain] com.zaxxer.hikari.HikariDataSource       : HikariPool-3 - Starting...
2021-09-06 13:25:39.695  INFO 10892 --- [restartedMain] com.zaxxer.hikari.HikariDataSource       : HikariPool-3 - Start completed.
2021-09-06 13:25:39.717  INFO 10892 --- [restartedMain] o.s.b.d.a.OptionalLiveReloadServer       : LiveReload server is running on port 35729
2021-09-06 13:25:39.771  INFO 10892 --- [restartedMain] o.s.s.web.DefaultSecurityFilterChain     : Will secure Ant [pattern='/css/**'] with []
2021-09-06 13:25:39.771  INFO 10892 --- [restartedMain] o.s.s.web.DefaultSecurityFilterChain     : Will secure Ant [pattern='/js/**'] with []
2021-09-06 13:25:39.771  INFO 10892 --- [restartedMain] o.s.s.web.DefaultSecurityFilterChain     : Will secure Ant [pattern='/img/**'] with []
2021-09-06 13:25:39.776  INFO 10892 --- [restartedMain] o.s.s.web.DefaultSecurityFilterChain     : Will secure any request with [org.springframework.security.web.context.request.async.WebAsyncManagerIntegrationFilter@13327d2, org.springframework.security.web.context.SecurityContextPersistenceFilter@45228be2, org.springframework.security.web.header.HeaderWriterFilter@6db367d9, org.springframework.security.web.csrf.CsrfFilter@516c5e7, org.springframework.security.web.authentication.logout.LogoutFilter@741800fd, net.deile.auth.CustomAuthenticationFilter@1226b1d6, org.springframework.security.web.authentication.UsernamePasswordAuthenticationFilter@40a6027c, org.springframework.security.web.savedrequest.RequestCacheAwareFilter@675a568f, org.springframework.security.web.servletapi.SecurityContextHolderAwareRequestFilter@11216812, org.springframework.security.web.authentication.AnonymousAuthenticationFilter@3eaf8e31, org.springframework.security.web.session.SessionManagementFilter@76a8412d, org.springframework.security.web.access.ExceptionTranslationFilter@23202f56, org.springframework.security.web.access.intercept.FilterSecurityInterceptor@ea4403b]
2021-09-06 13:25:39.810  INFO 10892 --- [restartedMain] o.s.b.a.w.s.WelcomePageHandlerMapping    : Adding welcome page template: index
2021-09-06 13:25:39.964  INFO 10892 --- [restartedMain] o.s.b.w.embedded.tomcat.TomcatWebServer  : Tomcat started on port(s): 8080 (http) with context path ''
2021-09-06 13:25:39.967  INFO 10892 --- [restartedMain] net.deile.SpringBootProjectApplication   : Started SpringBootProjectApplication in 0.673 seconds (JVM running for 265.421)
2021-09-06 13:25:39.968  INFO 10892 --- [restartedMain] .ConditionEvaluationDeltaLoggingListener : Condition evaluation unchanged
2021-09-06 13:25:47.557  INFO 10892 --- [http-nio-8080-exec-1] o.a.c.c.C.[Tomcat].[localhost].[/]       : Initializing Spring DispatcherServlet 'dispatcherServlet'
2021-09-06 13:25:47.558  INFO 10892 --- [http-nio-8080-exec-1] o.s.web.servlet.DispatcherServlet        : Initializing Servlet 'dispatcherServlet'
2021-09-06 13:25:47.559  INFO 10892 --- [http-nio-8080-exec-1] o.s.web.servlet.DispatcherServlet        : Completed initialization in 1 ms
2021-09-06 13:25:47.815  WARN 10892 --- [http-nio-8080-exec-1] o.a.c.util.SessionIdGeneratorBase        : Creation of SecureRandom instance for session ID generation using [SHA1PRNG] took [229] milliseconds.
2021-09-06 13:25:50.559  INFO 10892 --- [http-nio-8080-exec-8] Sample                                   : Run CustomAuthenticationProvider
2021-09-06 13:25:50.646 DEBUG 10892 --- [http-nio-8080-exec-8] o.s.jdbc.core.JdbcTemplate               : Executing prepared SQL query
2021-09-06 13:25:50.647 DEBUG 10892 --- [http-nio-8080-exec-8] o.s.jdbc.core.JdbcTemplate               : Executing prepared SQL statement [select * from user where email = ?]
2021-09-06 13:25:50.649 TRACE 10892 --- [http-nio-8080-exec-8] o.s.jdbc.core.StatementCreatorUtils      : Setting SQL statement parameter value: column index 1, parameter value [test], value class [java.lang.String], SQL type 12
2021-09-06 13:26:48.118  INFO 10892 --- [Thread-11] com.zaxxer.hikari.HikariDataSource       : HikariPool-3 - Shutdown initiated...
2021-09-06 13:26:48.124  INFO 10892 --- [Thread-11] com.zaxxer.hikari.HikariDataSource       : HikariPool-3 - Shutdown completed.
2021-09-06 13:26:48.200  INFO 10892 --- [restartedMain] net.deile.SpringBootProjectApplication   : Starting SpringBootProjectApplication using Java 11.0.11 on tic210801 with PID 10892 (C:\workspace\MySite\target\classes started by k_yamamoto in C:\workspace\MySite)
2021-09-06 13:26:48.200  INFO 10892 --- [restartedMain] net.deile.SpringBootProjectApplication   : The following profiles are active: dev
2021-09-06 13:26:48.380  INFO 10892 --- [restartedMain] .s.d.r.c.RepositoryConfigurationDelegate : Bootstrapping Spring Data JDBC repositories in DEFAULT mode.
2021-09-06 13:26:48.407  INFO 10892 --- [restartedMain] .s.d.r.c.RepositoryConfigurationDelegate : Finished Spring Data repository scanning in 27 ms. Found 4 JDBC repository interfaces.
2021-09-06 13:26:48.477  INFO 10892 --- [restartedMain] o.s.b.w.embedded.tomcat.TomcatWebServer  : Tomcat initialized with port(s): 8080 (http)
2021-09-06 13:26:48.477  INFO 10892 --- [restartedMain] o.apache.catalina.core.StandardService   : Starting service [Tomcat]
2021-09-06 13:26:48.477  INFO 10892 --- [restartedMain] org.apache.catalina.core.StandardEngine  : Starting Servlet engine: [Apache Tomcat/9.0.52]
2021-09-06 13:26:48.506  INFO 10892 --- [restartedMain] o.a.c.c.C.[Tomcat].[localhost].[/]       : Initializing Spring embedded WebApplicationContext
2021-09-06 13:26:48.507  INFO 10892 --- [restartedMain] w.s.c.ServletWebServerApplicationContext : Root WebApplicationContext: initialization completed in 305 ms
2021-09-06 13:26:48.517  WARN 10892 --- [restartedMain] o.a.c.c.C.[Tomcat].[localhost].[/]       : Cannot deserialize session attribute [SPRING_SECURITY_CONTEXT] for session [69A3BDA9BE35AD2B85FEE180264E19D2]
2021-09-06 13:26:48.538  INFO 10892 --- [restartedMain] com.zaxxer.hikari.HikariDataSource       : HikariPool-4 - Starting...
2021-09-06 13:26:48.555  INFO 10892 --- [restartedMain] com.zaxxer.hikari.HikariDataSource       : HikariPool-4 - Start completed.
2021-09-06 13:26:48.570  INFO 10892 --- [restartedMain] o.s.b.d.a.OptionalLiveReloadServer       : LiveReload server is running on port 35729
2021-09-06 13:26:48.613  INFO 10892 --- [restartedMain] o.s.s.web.DefaultSecurityFilterChain     : Will secure Ant [pattern='/css/**'] with []
2021-09-06 13:26:48.613  INFO 10892 --- [restartedMain] o.s.s.web.DefaultSecurityFilterChain     : Will secure Ant [pattern='/js/**'] with []
2021-09-06 13:26:48.613  INFO 10892 --- [restartedMain] o.s.s.web.DefaultSecurityFilterChain     : Will secure Ant [pattern='/img/**'] with []
2021-09-06 13:26:48.618  INFO 10892 --- [restartedMain] o.s.s.web.DefaultSecurityFilterChain     : Will secure any request with [org.springframework.security.web.context.request.async.WebAsyncManagerIntegrationFilter@71d255bf, org.springframework.security.web.context.SecurityContextPersistenceFilter@16905caf, org.springframework.security.web.header.HeaderWriterFilter@6385c3c6, org.springframework.security.web.csrf.CsrfFilter@3f7b3076, org.springframework.security.web.authentication.logout.LogoutFilter@5a20a458, net.deile.auth.CustomAuthenticationFilter@4481b4b4, org.springframework.security.web.authentication.UsernamePasswordAuthenticationFilter@7f126593, org.springframework.security.web.savedrequest.RequestCacheAwareFilter@2caabb6, org.springframework.security.web.servletapi.SecurityContextHolderAwareRequestFilter@4f1cc3da, org.springframework.security.web.authentication.AnonymousAuthenticationFilter@4d57d51f, org.springframework.security.web.session.SessionManagementFilter@708e3a48, org.springframework.security.web.access.ExceptionTranslationFilter@3d953b70, org.springframework.security.web.access.intercept.FilterSecurityInterceptor@772fce1d]
2021-09-06 13:26:48.654  INFO 10892 --- [restartedMain] o.s.b.a.w.s.WelcomePageHandlerMapping    : Adding welcome page template: index
2021-09-06 13:26:48.820  INFO 10892 --- [restartedMain] o.s.b.w.embedded.tomcat.TomcatWebServer  : Tomcat started on port(s): 8080 (http) with context path ''
2021-09-06 13:26:48.824  INFO 10892 --- [restartedMain] net.deile.SpringBootProjectApplication   : Started SpringBootProjectApplication in 0.66 seconds (JVM running for 334.283)
2021-09-06 13:26:48.825  INFO 10892 --- [restartedMain] .ConditionEvaluationDeltaLoggingListener : Condition evaluation unchanged
2021-09-06 13:26:50.576  INFO 10892 --- [http-nio-8080-exec-1] o.a.c.c.C.[Tomcat].[localhost].[/]       : Initializing Spring DispatcherServlet 'dispatcherServlet'
2021-09-06 13:26:50.577  INFO 10892 --- [http-nio-8080-exec-1] o.s.web.servlet.DispatcherServlet        : Initializing Servlet 'dispatcherServlet'
2021-09-06 13:26:50.578  INFO 10892 --- [http-nio-8080-exec-1] o.s.web.servlet.DispatcherServlet        : Completed initialization in 1 ms
2021-09-06 13:27:23.758  INFO 10892 --- [Thread-19] com.zaxxer.hikari.HikariDataSource       : HikariPool-4 - Shutdown initiated...
2021-09-06 13:27:23.765  INFO 10892 --- [Thread-19] com.zaxxer.hikari.HikariDataSource       : HikariPool-4 - Shutdown completed.
2021-09-06 13:27:23.835  INFO 10892 --- [restartedMain] net.deile.SpringBootProjectApplication   : Starting SpringBootProjectApplication using Java 11.0.11 on tic210801 with PID 10892 (C:\workspace\MySite\target\classes started by k_yamamoto in C:\workspace\MySite)
2021-09-06 13:27:23.835  INFO 10892 --- [restartedMain] net.deile.SpringBootProjectApplication   : The following profiles are active: dev
2021-09-06 13:27:24.009  INFO 10892 --- [restartedMain] .s.d.r.c.RepositoryConfigurationDelegate : Bootstrapping Spring Data JDBC repositories in DEFAULT mode.
2021-09-06 13:27:24.037  INFO 10892 --- [restartedMain] .s.d.r.c.RepositoryConfigurationDelegate : Finished Spring Data repository scanning in 27 ms. Found 4 JDBC repository interfaces.
2021-09-06 13:27:24.100  INFO 10892 --- [restartedMain] o.s.b.w.embedded.tomcat.TomcatWebServer  : Tomcat initialized with port(s): 8080 (http)
2021-09-06 13:27:24.101  INFO 10892 --- [restartedMain] o.apache.catalina.core.StandardService   : Starting service [Tomcat]
2021-09-06 13:27:24.101  INFO 10892 --- [restartedMain] org.apache.catalina.core.StandardEngine  : Starting Servlet engine: [Apache Tomcat/9.0.52]
2021-09-06 13:27:24.127  INFO 10892 --- [restartedMain] o.a.c.c.C.[Tomcat].[localhost].[/]       : Initializing Spring embedded WebApplicationContext
2021-09-06 13:27:24.127  INFO 10892 --- [restartedMain] w.s.c.ServletWebServerApplicationContext : Root WebApplicationContext: initialization completed in 290 ms
2021-09-06 13:27:24.151  INFO 10892 --- [restartedMain] com.zaxxer.hikari.HikariDataSource       : HikariPool-5 - Starting...
2021-09-06 13:27:24.167  INFO 10892 --- [restartedMain] com.zaxxer.hikari.HikariDataSource       : HikariPool-5 - Start completed.
2021-09-06 13:27:24.183  INFO 10892 --- [restartedMain] o.s.b.d.a.OptionalLiveReloadServer       : LiveReload server is running on port 35729
2021-09-06 13:27:24.224  INFO 10892 --- [restartedMain] o.s.s.web.DefaultSecurityFilterChain     : Will secure Ant [pattern='/css/**'] with []
2021-09-06 13:27:24.224  INFO 10892 --- [restartedMain] o.s.s.web.DefaultSecurityFilterChain     : Will secure Ant [pattern='/js/**'] with []
2021-09-06 13:27:24.224  INFO 10892 --- [restartedMain] o.s.s.web.DefaultSecurityFilterChain     : Will secure Ant [pattern='/img/**'] with []
2021-09-06 13:27:24.228  INFO 10892 --- [restartedMain] o.s.s.web.DefaultSecurityFilterChain     : Will secure any request with [org.springframework.security.web.context.request.async.WebAsyncManagerIntegrationFilter@7cc92410, org.springframework.security.web.context.SecurityContextPersistenceFilter@4f99f24c, org.springframework.security.web.header.HeaderWriterFilter@60343da0, org.springframework.security.web.csrf.CsrfFilter@544b4318, org.springframework.security.web.authentication.logout.LogoutFilter@1537252d, net.deile.auth.CustomAuthenticationFilter@4f5c03f8, org.springframework.security.web.authentication.UsernamePasswordAuthenticationFilter@66568ef, org.springframework.security.web.savedrequest.RequestCacheAwareFilter@34d783d7, org.springframework.security.web.servletapi.SecurityContextHolderAwareRequestFilter@754f71d0, org.springframework.security.web.authentication.AnonymousAuthenticationFilter@5f4369db, org.springframework.security.web.session.SessionManagementFilter@41442aff, org.springframework.security.web.access.ExceptionTranslationFilter@1c9cf535, org.springframework.security.web.access.intercept.FilterSecurityInterceptor@66eecc24]
2021-09-06 13:27:24.261  INFO 10892 --- [restartedMain] o.s.b.a.w.s.WelcomePageHandlerMapping    : Adding welcome page template: index
2021-09-06 13:27:24.427  INFO 10892 --- [restartedMain] o.s.b.w.embedded.tomcat.TomcatWebServer  : Tomcat started on port(s): 8080 (http) with context path ''
2021-09-06 13:27:24.430  INFO 10892 --- [restartedMain] net.deile.SpringBootProjectApplication   : Started SpringBootProjectApplication in 0.63 seconds (JVM running for 369.892)
2021-09-06 13:27:24.431  INFO 10892 --- [restartedMain] .ConditionEvaluationDeltaLoggingListener : Condition evaluation unchanged
2021-09-06 13:27:27.182  INFO 10892 --- [Thread-23] com.zaxxer.hikari.HikariDataSource       : HikariPool-5 - Shutdown initiated...
2021-09-06 13:27:27.186  INFO 10892 --- [Thread-23] com.zaxxer.hikari.HikariDataSource       : HikariPool-5 - Shutdown completed.
2021-09-06 13:27:27.254  INFO 10892 --- [restartedMain] net.deile.SpringBootProjectApplication   : Starting SpringBootProjectApplication using Java 11.0.11 on tic210801 with PID 10892 (C:\workspace\MySite\target\classes started by k_yamamoto in C:\workspace\MySite)
2021-09-06 13:27:27.254  INFO 10892 --- [restartedMain] net.deile.SpringBootProjectApplication   : The following profiles are active: dev
2021-09-06 13:27:27.438  INFO 10892 --- [restartedMain] .s.d.r.c.RepositoryConfigurationDelegate : Bootstrapping Spring Data JDBC repositories in DEFAULT mode.
2021-09-06 13:27:27.464  INFO 10892 --- [restartedMain] .s.d.r.c.RepositoryConfigurationDelegate : Finished Spring Data repository scanning in 26 ms. Found 4 JDBC repository interfaces.
2021-09-06 13:27:27.526  INFO 10892 --- [restartedMain] o.s.b.w.embedded.tomcat.TomcatWebServer  : Tomcat initialized with port(s): 8080 (http)
2021-09-06 13:27:27.527  INFO 10892 --- [restartedMain] o.apache.catalina.core.StandardService   : Starting service [Tomcat]
2021-09-06 13:27:27.527  INFO 10892 --- [restartedMain] org.apache.catalina.core.StandardEngine  : Starting Servlet engine: [Apache Tomcat/9.0.52]
2021-09-06 13:27:27.555  INFO 10892 --- [restartedMain] o.a.c.c.C.[Tomcat].[localhost].[/]       : Initializing Spring embedded WebApplicationContext
2021-09-06 13:27:27.556  INFO 10892 --- [restartedMain] w.s.c.ServletWebServerApplicationContext : Root WebApplicationContext: initialization completed in 299 ms
2021-09-06 13:27:27.579  INFO 10892 --- [restartedMain] com.zaxxer.hikari.HikariDataSource       : HikariPool-6 - Starting...
2021-09-06 13:27:27.595  INFO 10892 --- [restartedMain] com.zaxxer.hikari.HikariDataSource       : HikariPool-6 - Start completed.
2021-09-06 13:27:27.610  INFO 10892 --- [restartedMain] o.s.b.d.a.OptionalLiveReloadServer       : LiveReload server is running on port 35729
2021-09-06 13:27:27.654  INFO 10892 --- [restartedMain] o.s.s.web.DefaultSecurityFilterChain     : Will secure Ant [pattern='/css/**'] with []
2021-09-06 13:27:27.655  INFO 10892 --- [restartedMain] o.s.s.web.DefaultSecurityFilterChain     : Will secure Ant [pattern='/js/**'] with []
2021-09-06 13:27:27.655  INFO 10892 --- [restartedMain] o.s.s.web.DefaultSecurityFilterChain     : Will secure Ant [pattern='/img/**'] with []
2021-09-06 13:27:27.659  INFO 10892 --- [restartedMain] o.s.s.web.DefaultSecurityFilterChain     : Will secure any request with [org.springframework.security.web.context.request.async.WebAsyncManagerIntegrationFilter@f36e60d, org.springframework.security.web.context.SecurityContextPersistenceFilter@63819a90, org.springframework.security.web.header.HeaderWriterFilter@7f3f56a1, org.springframework.security.web.csrf.CsrfFilter@4a7116e5, org.springframework.security.web.authentication.logout.LogoutFilter@4a55725, net.deile.auth.CustomAuthenticationFilter@59b30f6a, org.springframework.security.web.authentication.UsernamePasswordAuthenticationFilter@18772cbb, org.springframework.security.web.savedrequest.RequestCacheAwareFilter@642c49d7, org.springframework.security.web.servletapi.SecurityContextHolderAwareRequestFilter@612391ad, org.springframework.security.web.authentication.AnonymousAuthenticationFilter@24d04396, org.springframework.security.web.session.SessionManagementFilter@2105766b, org.springframework.security.web.access.ExceptionTranslationFilter@248475d2, org.springframework.security.web.access.intercept.FilterSecurityInterceptor@4b16d103]
2021-09-06 13:27:27.690  INFO 10892 --- [restartedMain] o.s.b.a.w.s.WelcomePageHandlerMapping    : Adding welcome page template: index
2021-09-06 13:27:27.826  INFO 10892 --- [restartedMain] o.s.b.w.embedded.tomcat.TomcatWebServer  : Tomcat started on port(s): 8080 (http) with context path ''
2021-09-06 13:27:27.830  INFO 10892 --- [restartedMain] net.deile.SpringBootProjectApplication   : Started SpringBootProjectApplication in 0.609 seconds (JVM running for 373.292)
2021-09-06 13:27:27.831  INFO 10892 --- [restartedMain] .ConditionEvaluationDeltaLoggingListener : Condition evaluation unchanged
2021-09-06 13:27:29.542  INFO 10892 --- [Thread-27] com.zaxxer.hikari.HikariDataSource       : HikariPool-6 - Shutdown initiated...
2021-09-06 13:27:29.549  INFO 10892 --- [Thread-27] com.zaxxer.hikari.HikariDataSource       : HikariPool-6 - Shutdown completed.
2021-09-06 13:27:29.613  INFO 10892 --- [restartedMain] net.deile.SpringBootProjectApplication   : Starting SpringBootProjectApplication using Java 11.0.11 on tic210801 with PID 10892 (C:\workspace\MySite\target\classes started by k_yamamoto in C:\workspace\MySite)
2021-09-06 13:27:29.613  INFO 10892 --- [restartedMain] net.deile.SpringBootProjectApplication   : The following profiles are active: dev
2021-09-06 13:27:29.781  INFO 10892 --- [restartedMain] .s.d.r.c.RepositoryConfigurationDelegate : Bootstrapping Spring Data JDBC repositories in DEFAULT mode.
2021-09-06 13:27:29.810  INFO 10892 --- [restartedMain] .s.d.r.c.RepositoryConfigurationDelegate : Finished Spring Data repository scanning in 29 ms. Found 4 JDBC repository interfaces.
2021-09-06 13:27:29.872  INFO 10892 --- [restartedMain] o.s.b.w.embedded.tomcat.TomcatWebServer  : Tomcat initialized with port(s): 8080 (http)
2021-09-06 13:27:29.873  INFO 10892 --- [restartedMain] o.apache.catalina.core.StandardService   : Starting service [Tomcat]
2021-09-06 13:27:29.873  INFO 10892 --- [restartedMain] org.apache.catalina.core.StandardEngine  : Starting Servlet engine: [Apache Tomcat/9.0.52]
2021-09-06 13:27:29.901  INFO 10892 --- [restartedMain] o.a.c.c.C.[Tomcat].[localhost].[/]       : Initializing Spring embedded WebApplicationContext
2021-09-06 13:27:29.901  INFO 10892 --- [restartedMain] w.s.c.ServletWebServerApplicationContext : Root WebApplicationContext: initialization completed in 286 ms
2021-09-06 13:27:29.924  INFO 10892 --- [restartedMain] com.zaxxer.hikari.HikariDataSource       : HikariPool-7 - Starting...
2021-09-06 13:27:29.939  INFO 10892 --- [restartedMain] com.zaxxer.hikari.HikariDataSource       : HikariPool-7 - Start completed.
2021-09-06 13:27:29.954  INFO 10892 --- [restartedMain] o.s.b.d.a.OptionalLiveReloadServer       : LiveReload server is running on port 35729
2021-09-06 13:27:29.994  INFO 10892 --- [restartedMain] o.s.s.web.DefaultSecurityFilterChain     : Will secure Ant [pattern='/css/**'] with []
2021-09-06 13:27:29.994  INFO 10892 --- [restartedMain] o.s.s.web.DefaultSecurityFilterChain     : Will secure Ant [pattern='/js/**'] with []
2021-09-06 13:27:29.994  INFO 10892 --- [restartedMain] o.s.s.web.DefaultSecurityFilterChain     : Will secure Ant [pattern='/img/**'] with []
2021-09-06 13:27:29.998  INFO 10892 --- [restartedMain] o.s.s.web.DefaultSecurityFilterChain     : Will secure any request with [org.springframework.security.web.context.request.async.WebAsyncManagerIntegrationFilter@73c74a79, org.springframework.security.web.context.SecurityContextPersistenceFilter@75ac03e6, org.springframework.security.web.header.HeaderWriterFilter@2fe4b299, org.springframework.security.web.csrf.CsrfFilter@6ef4dab9, org.springframework.security.web.authentication.logout.LogoutFilter@32eb8df5, net.deile.auth.CustomAuthenticationFilter@60e74937, org.springframework.security.web.authentication.UsernamePasswordAuthenticationFilter@133f6d8d, org.springframework.security.web.savedrequest.RequestCacheAwareFilter@39d9f71f, org.springframework.security.web.servletapi.SecurityContextHolderAwareRequestFilter@3323eac7, org.springframework.security.web.authentication.AnonymousAuthenticationFilter@41786962, org.springframework.security.web.session.SessionManagementFilter@3dc537f5, org.springframework.security.web.access.ExceptionTranslationFilter@45613b0f, org.springframework.security.web.access.intercept.FilterSecurityInterceptor@476cca5b]
2021-09-06 13:27:30.031  INFO 10892 --- [restartedMain] o.s.b.a.w.s.WelcomePageHandlerMapping    : Adding welcome page template: index
2021-09-06 13:27:30.161  INFO 10892 --- [restartedMain] o.s.b.w.embedded.tomcat.TomcatWebServer  : Tomcat started on port(s): 8080 (http) with context path ''
2021-09-06 13:27:30.164  INFO 10892 --- [restartedMain] net.deile.SpringBootProjectApplication   : Started SpringBootProjectApplication in 0.581 seconds (JVM running for 375.626)
2021-09-06 13:27:30.165  INFO 10892 --- [restartedMain] .ConditionEvaluationDeltaLoggingListener : Condition evaluation unchanged
2021-09-06 13:27:32.540  INFO 10892 --- [http-nio-8080-exec-1] o.a.c.c.C.[Tomcat].[localhost].[/]       : Initializing Spring DispatcherServlet 'dispatcherServlet'
2021-09-06 13:27:32.542  INFO 10892 --- [http-nio-8080-exec-1] o.s.web.servlet.DispatcherServlet        : Initializing Servlet 'dispatcherServlet'
2021-09-06 13:27:32.543  INFO 10892 --- [http-nio-8080-exec-1] o.s.web.servlet.DispatcherServlet        : Completed initialization in 1 ms
2021-09-06 13:27:34.610  INFO 10892 --- [http-nio-8080-exec-8] Sample                                   : Run CustomAuthenticationProvider
2021-09-06 13:27:34.697 DEBUG 10892 --- [http-nio-8080-exec-8] o.s.jdbc.core.JdbcTemplate               : Executing prepared SQL query
2021-09-06 13:27:34.697 DEBUG 10892 --- [http-nio-8080-exec-8] o.s.jdbc.core.JdbcTemplate               : Executing prepared SQL statement [select * from user where email = ?]
2021-09-06 13:27:34.698 TRACE 10892 --- [http-nio-8080-exec-8] o.s.jdbc.core.StatementCreatorUtils      : Setting SQL statement parameter value: column index 1, parameter value [test], value class [java.lang.String], SQL type 12
2021-09-06 13:28:07.117  INFO 10892 --- [Thread-31] com.zaxxer.hikari.HikariDataSource       : HikariPool-7 - Shutdown initiated...
2021-09-06 13:28:07.123  INFO 10892 --- [Thread-31] com.zaxxer.hikari.HikariDataSource       : HikariPool-7 - Shutdown completed.
