2021-09-06 13:28:28.204  INFO 10892 --- [restartedMain] net.deile.SpringBootProjectApplication   : Starting SpringBootProjectApplication using Java 11.0.11 on tic210801 with PID 10892 (C:\workspace\MySite\target\classes started by k_yamamoto in C:\workspace\MySite)
2021-09-06 13:28:28.204  INFO 10892 --- [restartedMain] net.deile.SpringBootProjectApplication   : The following profiles are active: dev
2021-09-06 13:28:28.389  INFO 10892 --- [restartedMain] .s.d.r.c.RepositoryConfigurationDelegate : Bootstrapping Spring Data JDBC repositories in DEFAULT mode.
2021-09-06 13:28:28.418  INFO 10892 --- [restartedMain] .s.d.r.c.RepositoryConfigurationDelegate : Finished Spring Data repository scanning in 29 ms. Found 4 JDBC repository interfaces.
2021-09-06 13:28:28.480  INFO 10892 --- [restartedMain] o.s.b.w.embedded.tomcat.TomcatWebServer  : Tomcat initialized with port(s): 8080 (http)
2021-09-06 13:28:28.481  INFO 10892 --- [restartedMain] o.apache.catalina.core.StandardService   : Starting service [Tomcat]
2021-09-06 13:28:28.481  INFO 10892 --- [restartedMain] org.apache.catalina.core.StandardEngine  : Starting Servlet engine: [Apache Tomcat/9.0.52]
2021-09-06 13:28:28.513  INFO 10892 --- [restartedMain] o.a.c.c.C.[Tomcat].[localhost].[/]       : Initializing Spring embedded WebApplicationContext
2021-09-06 13:28:28.514  INFO 10892 --- [restartedMain] w.s.c.ServletWebServerApplicationContext : Root WebApplicationContext: initialization completed in 308 ms
2021-09-06 13:28:28.524  WARN 10892 --- [restartedMain] o.a.c.c.C.[Tomcat].[localhost].[/]       : Cannot deserialize session attribute [SPRING_SECURITY_CONTEXT] for session [FB0633D5B265420A88F39D21B1830211]
2021-09-06 13:28:28.546  INFO 10892 --- [restartedMain] com.zaxxer.hikari.HikariDataSource       : HikariPool-9 - Starting...
2021-09-06 13:28:28.564  INFO 10892 --- [restartedMain] com.zaxxer.hikari.HikariDataSource       : HikariPool-9 - Start completed.
2021-09-06 13:28:28.579  INFO 10892 --- [restartedMain] o.s.b.d.a.OptionalLiveReloadServer       : LiveReload server is running on port 35729
2021-09-06 13:28:28.619  INFO 10892 --- [restartedMain] o.s.s.web.DefaultSecurityFilterChain     : Will secure Ant [pattern='/css/**'] with []
2021-09-06 13:28:28.619  INFO 10892 --- [restartedMain] o.s.s.web.DefaultSecurityFilterChain     : Will secure Ant [pattern='/js/**'] with []
2021-09-06 13:28:28.619  INFO 10892 --- [restartedMain] o.s.s.web.DefaultSecurityFilterChain     : Will secure Ant [pattern='/img/**'] with []
2021-09-06 13:28:28.624  INFO 10892 --- [restartedMain] o.s.s.web.DefaultSecurityFilterChain     : Will secure any request with [org.springframework.security.web.context.request.async.WebAsyncManagerIntegrationFilter@196b14d0, org.springframework.security.web.context.SecurityContextPersistenceFilter@5df5954b, org.springframework.security.web.header.HeaderWriterFilter@387dc3ba, org.springframework.security.web.csrf.CsrfFilter@57a48d2, org.springframework.security.web.authentication.logout.LogoutFilter@7f515b43, net.deile.auth.CustomAuthenticationFilter@956fea0, org.springframework.security.web.authentication.UsernamePasswordAuthenticationFilter@5b1e71c8, org.springframework.security.web.savedrequest.RequestCacheAwareFilter@21ae4f97, org.springframework.security.web.servletapi.SecurityContextHolderAwareRequestFilter@7718280b, org.springframework.security.web.authentication.AnonymousAuthenticationFilter@658b03ba, org.springframework.security.web.session.SessionManagementFilter@a9e7012, org.springframework.security.web.access.ExceptionTranslationFilter@4217d614, org.springframework.security.web.access.intercept.FilterSecurityInterceptor@399aa57d]
2021-09-06 13:28:28.655  INFO 10892 --- [restartedMain] o.s.b.a.w.s.WelcomePageHandlerMapping    : Adding welcome page template: index
2021-09-06 13:28:28.799  INFO 10892 --- [restartedMain] o.s.b.w.embedded.tomcat.TomcatWebServer  : Tomcat started on port(s): 8080 (http) with context path ''
2021-09-06 13:28:28.802  INFO 10892 --- [restartedMain] net.deile.SpringBootProjectApplication   : Started SpringBootProjectApplication in 0.63 seconds (JVM running for 434.269)
2021-09-06 13:28:28.803  INFO 10892 --- [restartedMain] .ConditionEvaluationDeltaLoggingListener : Condition evaluation unchanged
2021-09-06 13:31:13.707  INFO 10892 --- [Thread-39] com.zaxxer.hikari.HikariDataSource       : HikariPool-9 - Shutdown initiated...
2021-09-06 13:31:13.711  INFO 10892 --- [Thread-39] com.zaxxer.hikari.HikariDataSource       : HikariPool-9 - Shutdown completed.
2021-09-06 13:31:13.774  INFO 10892 --- [restartedMain] net.deile.SpringBootProjectApplication   : Starting SpringBootProjectApplication using Java 11.0.11 on tic210801 with PID 10892 (C:\workspace\MySite\target\classes started by k_yamamoto in C:\workspace\MySite)
2021-09-06 13:31:13.774  INFO 10892 --- [restartedMain] net.deile.SpringBootProjectApplication   : The following profiles are active: dev
2021-09-06 13:31:13.946  INFO 10892 --- [restartedMain] .s.d.r.c.RepositoryConfigurationDelegate : Bootstrapping Spring Data JDBC repositories in DEFAULT mode.
2021-09-06 13:31:13.973  INFO 10892 --- [restartedMain] .s.d.r.c.RepositoryConfigurationDelegate : Finished Spring Data repository scanning in 26 ms. Found 4 JDBC repository interfaces.
2021-09-06 13:31:14.037  INFO 10892 --- [restartedMain] o.s.b.w.embedded.tomcat.TomcatWebServer  : Tomcat initialized with port(s): 8080 (http)
2021-09-06 13:31:14.038  INFO 10892 --- [restartedMain] o.apache.catalina.core.StandardService   : Starting service [Tomcat]
2021-09-06 13:31:14.038  INFO 10892 --- [restartedMain] org.apache.catalina.core.StandardEngine  : Starting Servlet engine: [Apache Tomcat/9.0.52]
2021-09-06 13:31:14.064  INFO 10892 --- [restartedMain] o.a.c.c.C.[Tomcat].[localhost].[/]       : Initializing Spring embedded WebApplicationContext
2021-09-06 13:31:14.064  INFO 10892 --- [restartedMain] w.s.c.ServletWebServerApplicationContext : Root WebApplicationContext: initialization completed in 288 ms
2021-09-06 13:31:14.092  INFO 10892 --- [restartedMain] com.zaxxer.hikari.HikariDataSource       : HikariPool-10 - Starting...
2021-09-06 13:31:14.108  INFO 10892 --- [restartedMain] com.zaxxer.hikari.HikariDataSource       : HikariPool-10 - Start completed.
2021-09-06 13:31:14.122  INFO 10892 --- [restartedMain] o.s.b.d.a.OptionalLiveReloadServer       : LiveReload server is running on port 35729
2021-09-06 13:31:14.162  INFO 10892 --- [restartedMain] o.s.s.web.DefaultSecurityFilterChain     : Will secure Ant [pattern='/css/**'] with []
2021-09-06 13:31:14.162  INFO 10892 --- [restartedMain] o.s.s.web.DefaultSecurityFilterChain     : Will secure Ant [pattern='/js/**'] with []
2021-09-06 13:31:14.165  INFO 10892 --- [restartedMain] o.s.s.web.DefaultSecurityFilterChain     : Will secure Ant [pattern='/img/**'] with []
2021-09-06 13:31:14.169  INFO 10892 --- [restartedMain] o.s.s.web.DefaultSecurityFilterChain     : Will secure any request with [org.springframework.security.web.context.request.async.WebAsyncManagerIntegrationFilter@7790cc66, org.springframework.security.web.context.SecurityContextPersistenceFilter@f15daed, org.springframework.security.web.header.HeaderWriterFilter@1810b51, org.springframework.security.web.csrf.CsrfFilter@26a99b27, org.springframework.security.web.authentication.logout.LogoutFilter@21a772ea, net.deile.auth.CustomAuthenticationFilter@30fcd174, org.springframework.security.web.authentication.UsernamePasswordAuthenticationFilter@6681d933, org.springframework.security.web.savedrequest.RequestCacheAwareFilter@142aafd8, org.springframework.security.web.servletapi.SecurityContextHolderAwareRequestFilter@1d78e58f, org.springframework.security.web.authentication.AnonymousAuthenticationFilter@498e23e0, org.springframework.security.web.session.SessionManagementFilter@650f15c8, org.springframework.security.web.access.ExceptionTranslationFilter@1ce0f897, org.springframework.security.web.access.intercept.FilterSecurityInterceptor@5bf44fe4]
2021-09-06 13:31:14.199  INFO 10892 --- [restartedMain] o.s.b.a.w.s.WelcomePageHandlerMapping    : Adding welcome page template: index
2021-09-06 13:31:14.341  INFO 10892 --- [restartedMain] o.s.b.w.embedded.tomcat.TomcatWebServer  : Tomcat started on port(s): 8080 (http) with context path ''
2021-09-06 13:31:14.344  INFO 10892 --- [restartedMain] net.deile.SpringBootProjectApplication   : Started SpringBootProjectApplication in 0.6 seconds (JVM running for 599.817)
2021-09-06 13:31:14.345  INFO 10892 --- [restartedMain] .ConditionEvaluationDeltaLoggingListener : Condition evaluation unchanged
2021-09-06 13:31:22.004  INFO 10892 --- [http-nio-8080-exec-1] o.a.c.c.C.[Tomcat].[localhost].[/]       : Initializing Spring DispatcherServlet 'dispatcherServlet'
2021-09-06 13:31:22.004  INFO 10892 --- [http-nio-8080-exec-1] o.s.web.servlet.DispatcherServlet        : Initializing Servlet 'dispatcherServlet'
2021-09-06 13:31:22.005  INFO 10892 --- [http-nio-8080-exec-1] o.s.web.servlet.DispatcherServlet        : Completed initialization in 0 ms
2021-09-06 13:32:17.731  INFO 10892 --- [Thread-43] com.zaxxer.hikari.HikariDataSource       : HikariPool-10 - Shutdown initiated...
2021-09-06 13:32:17.737  INFO 10892 --- [Thread-43] com.zaxxer.hikari.HikariDataSource       : HikariPool-10 - Shutdown completed.
2021-09-06 13:33:02.718  INFO 10892 --- [restartedMain] net.deile.SpringBootProjectApplication   : Starting SpringBootProjectApplication using Java 11.0.11 on tic210801 with PID 10892 (C:\workspace\MySite\target\classes started by k_yamamoto in C:\workspace\MySite)
2021-09-06 13:33:02.718  INFO 10892 --- [restartedMain] net.deile.SpringBootProjectApplication   : The following profiles are active: dev
2021-09-06 13:33:02.903  INFO 10892 --- [restartedMain] .s.d.r.c.RepositoryConfigurationDelegate : Bootstrapping Spring Data JDBC repositories in DEFAULT mode.
2021-09-06 13:33:02.931  INFO 10892 --- [restartedMain] .s.d.r.c.RepositoryConfigurationDelegate : Finished Spring Data repository scanning in 27 ms. Found 4 JDBC repository interfaces.
2021-09-06 13:33:02.997  INFO 10892 --- [restartedMain] o.s.b.w.embedded.tomcat.TomcatWebServer  : Tomcat initialized with port(s): 8080 (http)
2021-09-06 13:33:02.997  INFO 10892 --- [restartedMain] o.apache.catalina.core.StandardService   : Starting service [Tomcat]
2021-09-06 13:33:02.997  INFO 10892 --- [restartedMain] org.apache.catalina.core.StandardEngine  : Starting Servlet engine: [Apache Tomcat/9.0.52]
2021-09-06 13:33:03.025  INFO 10892 --- [restartedMain] o.a.c.c.C.[Tomcat].[localhost].[/]       : Initializing Spring embedded WebApplicationContext
2021-09-06 13:33:03.026  INFO 10892 --- [restartedMain] w.s.c.ServletWebServerApplicationContext : Root WebApplicationContext: initialization completed in 306 ms
2021-09-06 13:33:03.054  INFO 10892 --- [restartedMain] com.zaxxer.hikari.HikariDataSource       : HikariPool-12 - Starting...
2021-09-06 13:33:03.069  INFO 10892 --- [restartedMain] com.zaxxer.hikari.HikariDataSource       : HikariPool-12 - Start completed.
2021-09-06 13:33:03.086  INFO 10892 --- [restartedMain] o.s.b.d.a.OptionalLiveReloadServer       : LiveReload server is running on port 35729
2021-09-06 13:33:03.129  INFO 10892 --- [restartedMain] o.s.s.web.DefaultSecurityFilterChain     : Will secure Ant [pattern='/css/**'] with []
2021-09-06 13:33:03.129  INFO 10892 --- [restartedMain] o.s.s.web.DefaultSecurityFilterChain     : Will secure Ant [pattern='/js/**'] with []
2021-09-06 13:33:03.129  INFO 10892 --- [restartedMain] o.s.s.web.DefaultSecurityFilterChain     : Will secure Ant [pattern='/img/**'] with []
2021-09-06 13:33:03.133  INFO 10892 --- [restartedMain] o.s.s.web.DefaultSecurityFilterChain     : Will secure any request with [org.springframework.security.web.context.request.async.WebAsyncManagerIntegrationFilter@440b43a4, org.springframework.security.web.context.SecurityContextPersistenceFilter@695e11f8, org.springframework.security.web.header.HeaderWriterFilter@197683f0, org.springframework.security.web.csrf.CsrfFilter@24c1b4dc, org.springframework.security.web.authentication.logout.LogoutFilter@3eca014e, net.deile.auth.CustomAuthenticationFilter@56d9d936, org.springframework.security.web.authentication.UsernamePasswordAuthenticationFilter@1ba9b6d8, org.springframework.security.web.savedrequest.RequestCacheAwareFilter@4b441314, org.springframework.security.web.servletapi.SecurityContextHolderAwareRequestFilter@6680608f, org.springframework.security.web.authentication.AnonymousAuthenticationFilter@298c0115, org.springframework.security.web.session.SessionManagementFilter@40103a72, org.springframework.security.web.access.ExceptionTranslationFilter@1b0727e0, org.springframework.security.web.access.intercept.FilterSecurityInterceptor@28eaf800]
2021-09-06 13:33:03.167  INFO 10892 --- [restartedMain] o.s.b.a.w.s.WelcomePageHandlerMapping    : Adding welcome page template: index
2021-09-06 13:33:03.323  INFO 10892 --- [restartedMain] o.s.b.w.embedded.tomcat.TomcatWebServer  : Tomcat started on port(s): 8080 (http) with context path ''
2021-09-06 13:33:03.327  INFO 10892 --- [restartedMain] net.deile.SpringBootProjectApplication   : Started SpringBootProjectApplication in 0.638 seconds (JVM running for 708.803)
2021-09-06 13:33:03.328  INFO 10892 --- [restartedMain] .ConditionEvaluationDeltaLoggingListener : Condition evaluation unchanged
2021-09-06 13:36:13.568  INFO 10892 --- [Thread-51] com.zaxxer.hikari.HikariDataSource       : HikariPool-12 - Shutdown initiated...
2021-09-06 13:36:13.574  INFO 10892 --- [Thread-51] com.zaxxer.hikari.HikariDataSource       : HikariPool-12 - Shutdown completed.
2021-09-06 13:36:13.637 ERROR 10892 --- [restartedMain] o.s.boot.SpringApplication               : Application run failed

java.lang.IllegalArgumentException: Could not resolve placeholder 'spring.application.name' in value "${spring.application.name}.log"
	at org.springframework.util.PropertyPlaceholderHelper.parseStringValue(PropertyPlaceholderHelper.java:180) ~[spring-core-5.3.9.jar:5.3.9]
	at org.springframework.util.PropertyPlaceholderHelper.replacePlaceholders(PropertyPlaceholderHelper.java:126) ~[spring-core-5.3.9.jar:5.3.9]
	at org.springframework.core.env.AbstractPropertyResolver.doResolvePlaceholders(AbstractPropertyResolver.java:239) ~[spring-core-5.3.9.jar:5.3.9]
	at org.springframework.core.env.AbstractPropertyResolver.resolveRequiredPlaceholders(AbstractPropertyResolver.java:210) ~[spring-core-5.3.9.jar:5.3.9]
	at org.springframework.core.env.AbstractPropertyResolver.resolveNestedPlaceholders(AbstractPropertyResolver.java:230) ~[spring-core-5.3.9.jar:5.3.9]
	at org.springframework.boot.context.properties.source.ConfigurationPropertySourcesPropertyResolver.getProperty(ConfigurationPropertySourcesPropertyResolver.java:79) ~[spring-boot-2.5.4.jar:2.5.4]
	at org.springframework.boot.context.properties.source.ConfigurationPropertySourcesPropertyResolver.getProperty(ConfigurationPropertySourcesPropertyResolver.java:60) ~[spring-boot-2.5.4.jar:2.5.4]
	at org.springframework.core.env.AbstractEnvironment.getProperty(AbstractEnvironment.java:588) ~[spring-core-5.3.9.jar:5.3.9]
	at org.springframework.boot.logging.LogFile.get(LogFile.java:115) ~[spring-boot-2.5.4.jar:2.5.4]
	at org.springframework.boot.context.logging.LoggingApplicationListener.initialize(LoggingApplicationListener.java:276) ~[spring-boot-2.5.4.jar:2.5.4]
	at org.springframework.boot.context.logging.LoggingApplicationListener.onApplicationEnvironmentPreparedEvent(LoggingApplicationListener.java:240) ~[spring-boot-2.5.4.jar:2.5.4]
	at org.springframework.boot.context.logging.LoggingApplicationListener.onApplicationEvent(LoggingApplicationListener.java:216) ~[spring-boot-2.5.4.jar:2.5.4]
	at org.springframework.context.event.SimpleApplicationEventMulticaster.doInvokeListener(SimpleApplicationEventMulticaster.java:176) ~[spring-context-5.3.9.jar:5.3.9]
	at org.springframework.context.event.SimpleApplicationEventMulticaster.invokeListener(SimpleApplicationEventMulticaster.java:169) ~[spring-context-5.3.9.jar:5.3.9]
	at org.springframework.context.event.SimpleApplicationEventMulticaster.multicastEvent(SimpleApplicationEventMulticaster.java:143) ~[spring-context-5.3.9.jar:5.3.9]
	at org.springframework.context.event.SimpleApplicationEventMulticaster.multicastEvent(SimpleApplicationEventMulticaster.java:131) ~[spring-context-5.3.9.jar:5.3.9]
	at org.springframework.boot.context.event.EventPublishingRunListener.environmentPrepared(EventPublishingRunListener.java:82) ~[spring-boot-2.5.4.jar:2.5.4]
	at org.springframework.boot.SpringApplicationRunListeners.lambda$environmentPrepared$2(SpringApplicationRunListeners.java:63) ~[spring-boot-2.5.4.jar:2.5.4]
	at java.base/java.util.ArrayList.forEach(ArrayList.java:1541) ~[na:na]
	at org.springframework.boot.SpringApplicationRunListeners.doWithListeners(SpringApplicationRunListeners.java:117) ~[spring-boot-2.5.4.jar:2.5.4]
	at org.springframework.boot.SpringApplicationRunListeners.doWithListeners(SpringApplicationRunListeners.java:111) ~[spring-boot-2.5.4.jar:2.5.4]
	at org.springframework.boot.SpringApplicationRunListeners.environmentPrepared(SpringApplicationRunListeners.java:62) ~[spring-boot-2.5.4.jar:2.5.4]
	at org.springframework.boot.SpringApplication.prepareEnvironment(SpringApplication.java:374) ~[spring-boot-2.5.4.jar:2.5.4]
	at org.springframework.boot.SpringApplication.run(SpringApplication.java:332) ~[spring-boot-2.5.4.jar:2.5.4]
	at org.springframework.boot.SpringApplication.run(SpringApplication.java:1343) ~[spring-boot-2.5.4.jar:2.5.4]
	at org.springframework.boot.SpringApplication.run(SpringApplication.java:1332) ~[spring-boot-2.5.4.jar:2.5.4]
	at net.deile.SpringBootProjectApplication.main(SpringBootProjectApplication.java:10) ~[classes/:na]
	at java.base/jdk.internal.reflect.NativeMethodAccessorImpl.invoke0(Native Method) ~[na:na]
	at java.base/jdk.internal.reflect.NativeMethodAccessorImpl.invoke(NativeMethodAccessorImpl.java:62) ~[na:na]
	at java.base/jdk.internal.reflect.DelegatingMethodAccessorImpl.invoke(DelegatingMethodAccessorImpl.java:43) ~[na:na]
	at java.base/java.lang.reflect.Method.invoke(Method.java:566) ~[na:na]
	at org.springframework.boot.devtools.restart.RestartLauncher.run(RestartLauncher.java:49) ~[spring-boot-devtools-2.5.4.jar:2.5.4]

2021-09-06 13:36:17.257 ERROR 10892 --- [restartedMain] o.s.boot.SpringApplication               : Application run failed

java.lang.IllegalArgumentException: Could not resolve placeholder 'spring.application.name' in value "${spring.application.name}.log"
	at org.springframework.util.PropertyPlaceholderHelper.parseStringValue(PropertyPlaceholderHelper.java:180) ~[spring-core-5.3.9.jar:5.3.9]
	at org.springframework.util.PropertyPlaceholderHelper.replacePlaceholders(PropertyPlaceholderHelper.java:126) ~[spring-core-5.3.9.jar:5.3.9]
	at org.springframework.core.env.AbstractPropertyResolver.doResolvePlaceholders(AbstractPropertyResolver.java:239) ~[spring-core-5.3.9.jar:5.3.9]
	at org.springframework.core.env.AbstractPropertyResolver.resolveRequiredPlaceholders(AbstractPropertyResolver.java:210) ~[spring-core-5.3.9.jar:5.3.9]
	at org.springframework.core.env.AbstractPropertyResolver.resolveNestedPlaceholders(AbstractPropertyResolver.java:230) ~[spring-core-5.3.9.jar:5.3.9]
	at org.springframework.boot.context.properties.source.ConfigurationPropertySourcesPropertyResolver.getProperty(ConfigurationPropertySourcesPropertyResolver.java:79) ~[spring-boot-2.5.4.jar:2.5.4]
	at org.springframework.boot.context.properties.source.ConfigurationPropertySourcesPropertyResolver.getProperty(ConfigurationPropertySourcesPropertyResolver.java:60) ~[spring-boot-2.5.4.jar:2.5.4]
	at org.springframework.core.env.AbstractEnvironment.getProperty(AbstractEnvironment.java:588) ~[spring-core-5.3.9.jar:5.3.9]
	at org.springframework.boot.logging.LogFile.get(LogFile.java:115) ~[spring-boot-2.5.4.jar:2.5.4]
	at org.springframework.boot.context.logging.LoggingApplicationListener.initialize(LoggingApplicationListener.java:276) ~[spring-boot-2.5.4.jar:2.5.4]
	at org.springframework.boot.context.logging.LoggingApplicationListener.onApplicationEnvironmentPreparedEvent(LoggingApplicationListener.java:240) ~[spring-boot-2.5.4.jar:2.5.4]
	at org.springframework.boot.context.logging.LoggingApplicationListener.onApplicationEvent(LoggingApplicationListener.java:216) ~[spring-boot-2.5.4.jar:2.5.4]
	at org.springframework.context.event.SimpleApplicationEventMulticaster.doInvokeListener(SimpleApplicationEventMulticaster.java:176) ~[spring-context-5.3.9.jar:5.3.9]
	at org.springframework.context.event.SimpleApplicationEventMulticaster.invokeListener(SimpleApplicationEventMulticaster.java:169) ~[spring-context-5.3.9.jar:5.3.9]
	at org.springframework.context.event.SimpleApplicationEventMulticaster.multicastEvent(SimpleApplicationEventMulticaster.java:143) ~[spring-context-5.3.9.jar:5.3.9]
	at org.springframework.context.event.SimpleApplicationEventMulticaster.multicastEvent(SimpleApplicationEventMulticaster.java:131) ~[spring-context-5.3.9.jar:5.3.9]
	at org.springframework.boot.context.event.EventPublishingRunListener.environmentPrepared(EventPublishingRunListener.java:82) ~[spring-boot-2.5.4.jar:2.5.4]
	at org.springframework.boot.SpringApplicationRunListeners.lambda$environmentPrepared$2(SpringApplicationRunListeners.java:63) ~[spring-boot-2.5.4.jar:2.5.4]
	at java.base/java.util.ArrayList.forEach(ArrayList.java:1541) ~[na:na]
	at org.springframework.boot.SpringApplicationRunListeners.doWithListeners(SpringApplicationRunListeners.java:117) ~[spring-boot-2.5.4.jar:2.5.4]
	at org.springframework.boot.SpringApplicationRunListeners.doWithListeners(SpringApplicationRunListeners.java:111) ~[spring-boot-2.5.4.jar:2.5.4]
	at org.springframework.boot.SpringApplicationRunListeners.environmentPrepared(SpringApplicationRunListeners.java:62) ~[spring-boot-2.5.4.jar:2.5.4]
	at org.springframework.boot.SpringApplication.prepareEnvironment(SpringApplication.java:374) ~[spring-boot-2.5.4.jar:2.5.4]
	at org.springframework.boot.SpringApplication.run(SpringApplication.java:332) ~[spring-boot-2.5.4.jar:2.5.4]
	at org.springframework.boot.SpringApplication.run(SpringApplication.java:1343) ~[spring-boot-2.5.4.jar:2.5.4]
	at org.springframework.boot.SpringApplication.run(SpringApplication.java:1332) ~[spring-boot-2.5.4.jar:2.5.4]
	at net.deile.SpringBootProjectApplication.main(SpringBootProjectApplication.java:10) ~[classes/:na]
	at java.base/jdk.internal.reflect.NativeMethodAccessorImpl.invoke0(Native Method) ~[na:na]
	at java.base/jdk.internal.reflect.NativeMethodAccessorImpl.invoke(NativeMethodAccessorImpl.java:62) ~[na:na]
	at java.base/jdk.internal.reflect.DelegatingMethodAccessorImpl.invoke(DelegatingMethodAccessorImpl.java:43) ~[na:na]
	at java.base/java.lang.reflect.Method.invoke(Method.java:566) ~[na:na]
	at org.springframework.boot.devtools.restart.RestartLauncher.run(RestartLauncher.java:49) ~[spring-boot-devtools-2.5.4.jar:2.5.4]

2021-09-06 13:37:00.445  INFO 10892 --- [restartedMain] net.deile.SpringBootProjectApplication   : Starting SpringBootProjectApplication using Java 11.0.11 on tic210801 with PID 10892 (C:\workspace\MySite\target\classes started by k_yamamoto in C:\workspace\MySite)
2021-09-06 13:37:00.445  INFO 10892 --- [restartedMain] net.deile.SpringBootProjectApplication   : The following profiles are active: dev
2021-09-06 13:37:00.626  INFO 10892 --- [restartedMain] .s.d.r.c.RepositoryConfigurationDelegate : Bootstrapping Spring Data JDBC repositories in DEFAULT mode.
2021-09-06 13:37:00.652  INFO 10892 --- [restartedMain] .s.d.r.c.RepositoryConfigurationDelegate : Finished Spring Data repository scanning in 25 ms. Found 4 JDBC repository interfaces.
2021-09-06 13:37:00.716  INFO 10892 --- [restartedMain] o.s.b.w.embedded.tomcat.TomcatWebServer  : Tomcat initialized with port(s): 8080 (http)
2021-09-06 13:37:00.717  INFO 10892 --- [restartedMain] o.apache.catalina.core.StandardService   : Starting service [Tomcat]
2021-09-06 13:37:00.717  INFO 10892 --- [restartedMain] org.apache.catalina.core.StandardEngine  : Starting Servlet engine: [Apache Tomcat/9.0.52]
2021-09-06 13:37:00.748  INFO 10892 --- [restartedMain] o.a.c.c.C.[Tomcat].[localhost].[/]       : Initializing Spring embedded WebApplicationContext
2021-09-06 13:37:00.748  INFO 10892 --- [restartedMain] w.s.c.ServletWebServerApplicationContext : Root WebApplicationContext: initialization completed in 301 ms
2021-09-06 13:37:00.775  INFO 10892 --- [restartedMain] com.zaxxer.hikari.HikariDataSource       : HikariPool-13 - Starting...
2021-09-06 13:37:00.790  INFO 10892 --- [restartedMain] com.zaxxer.hikari.HikariDataSource       : HikariPool-13 - Start completed.
2021-09-06 13:37:00.805  INFO 10892 --- [restartedMain] o.s.b.d.a.OptionalLiveReloadServer       : LiveReload server is running on port 35729
2021-09-06 13:37:00.843  INFO 10892 --- [restartedMain] o.s.s.web.DefaultSecurityFilterChain     : Will secure Ant [pattern='/css/**'] with []
2021-09-06 13:37:00.843  INFO 10892 --- [restartedMain] o.s.s.web.DefaultSecurityFilterChain     : Will secure Ant [pattern='/js/**'] with []
2021-09-06 13:37:00.843  INFO 10892 --- [restartedMain] o.s.s.web.DefaultSecurityFilterChain     : Will secure Ant [pattern='/img/**'] with []
2021-09-06 13:37:00.847  INFO 10892 --- [restartedMain] o.s.s.web.DefaultSecurityFilterChain     : Will secure any request with [org.springframework.security.web.context.request.async.WebAsyncManagerIntegrationFilter@2fcaab88, org.springframework.security.web.context.SecurityContextPersistenceFilter@5587c46f, org.springframework.security.web.header.HeaderWriterFilter@6ec7b6c6, org.springframework.security.web.csrf.CsrfFilter@5fdbc34, org.springframework.security.web.authentication.logout.LogoutFilter@409ccb68, net.deile.auth.CustomAuthenticationFilter@6880a0a2, org.springframework.security.web.authentication.UsernamePasswordAuthenticationFilter@738833d6, org.springframework.security.web.savedrequest.RequestCacheAwareFilter@5b3edc07, org.springframework.security.web.servletapi.SecurityContextHolderAwareRequestFilter@81c2020, org.springframework.security.web.authentication.AnonymousAuthenticationFilter@626c2be3, org.springframework.security.web.session.SessionManagementFilter@3df3c3f9, org.springframework.security.web.access.ExceptionTranslationFilter@6cdc4d7d, org.springframework.security.web.access.intercept.FilterSecurityInterceptor@31277821]
2021-09-06 13:37:00.876  INFO 10892 --- [restartedMain] o.s.b.a.w.s.WelcomePageHandlerMapping    : Adding welcome page template: index
2021-09-06 13:37:01.059  INFO 10892 --- [restartedMain] o.s.b.w.embedded.tomcat.TomcatWebServer  : Tomcat started on port(s): 8080 (http) with context path ''
2021-09-06 13:37:01.062  INFO 10892 --- [restartedMain] net.deile.SpringBootProjectApplication   : Started SpringBootProjectApplication in 0.647 seconds (JVM running for 946.543)
2021-09-06 13:37:01.063  INFO 10892 --- [restartedMain] .ConditionEvaluationDeltaLoggingListener : Condition evaluation unchanged
2021-09-06 13:37:05.391  INFO 10892 --- [http-nio-8080-exec-1] o.a.c.c.C.[Tomcat].[localhost].[/]       : Initializing Spring DispatcherServlet 'dispatcherServlet'
2021-09-06 13:37:05.391  INFO 10892 --- [http-nio-8080-exec-1] o.s.web.servlet.DispatcherServlet        : Initializing Servlet 'dispatcherServlet'
2021-09-06 13:37:05.392  INFO 10892 --- [http-nio-8080-exec-1] o.s.web.servlet.DispatcherServlet        : Completed initialization in 1 ms
2021-09-06 13:37:26.943  INFO 10892 --- [RMI TCP Connection(19)-127.0.0.1] inMXBeanRegistrar$SpringApplicationAdmin : Application shutdown requested.
2021-09-06 13:37:27.185  INFO 10892 --- [RMI TCP Connection(19)-127.0.0.1] com.zaxxer.hikari.HikariDataSource       : HikariPool-13 - Shutdown initiated...
2021-09-06 13:37:27.193  INFO 10892 --- [RMI TCP Connection(19)-127.0.0.1] com.zaxxer.hikari.HikariDataSource       : HikariPool-13 - Shutdown completed.
2021-09-06 13:37:32.297  INFO 21564 --- [restartedMain] net.deile.SpringBootProjectApplication   : Starting SpringBootProjectApplication using Java 11.0.11 on tic210801 with PID 21564 (C:\workspace\MySite\target\classes started by k_yamamoto in C:\workspace\MySite)
2021-09-06 13:37:32.299  INFO 21564 --- [restartedMain] net.deile.SpringBootProjectApplication   : The following profiles are active: dev
2021-09-06 13:37:32.336  INFO 21564 --- [restartedMain] .e.DevToolsPropertyDefaultsPostProcessor : Devtools property defaults active! Set 'spring.devtools.add-properties' to 'false' to disable
2021-09-06 13:37:32.336  INFO 21564 --- [restartedMain] .e.DevToolsPropertyDefaultsPostProcessor : For additional web related logging consider setting the 'logging.level.web' property to 'DEBUG'
2021-09-06 13:37:32.890  INFO 21564 --- [restartedMain] .s.d.r.c.RepositoryConfigurationDelegate : Bootstrapping Spring Data JDBC repositories in DEFAULT mode.
2021-09-06 13:37:32.957  INFO 21564 --- [restartedMain] .s.d.r.c.RepositoryConfigurationDelegate : Finished Spring Data repository scanning in 63 ms. Found 4 JDBC repository interfaces.
2021-09-06 13:37:33.422  INFO 21564 --- [restartedMain] o.s.b.w.embedded.tomcat.TomcatWebServer  : Tomcat initialized with port(s): 8080 (http)
2021-09-06 13:37:33.430  INFO 21564 --- [restartedMain] o.apache.catalina.core.StandardService   : Starting service [Tomcat]
2021-09-06 13:37:33.431  INFO 21564 --- [restartedMain] org.apache.catalina.core.StandardEngine  : Starting Servlet engine: [Apache Tomcat/9.0.52]
2021-09-06 13:37:33.535  INFO 21564 --- [restartedMain] o.a.c.c.C.[Tomcat].[localhost].[/]       : Initializing Spring embedded WebApplicationContext
2021-09-06 13:37:33.536  INFO 21564 --- [restartedMain] w.s.c.ServletWebServerApplicationContext : Root WebApplicationContext: initialization completed in 1199 ms
2021-09-06 13:37:33.666  INFO 21564 --- [restartedMain] com.zaxxer.hikari.HikariDataSource       : HikariPool-1 - Starting...
2021-09-06 13:37:33.935  INFO 21564 --- [restartedMain] com.zaxxer.hikari.HikariDataSource       : HikariPool-1 - Start completed.
2021-09-06 13:37:34.074  INFO 21564 --- [restartedMain] o.s.b.d.a.OptionalLiveReloadServer       : LiveReload server is running on port 35729
2021-09-06 13:37:34.314  INFO 21564 --- [restartedMain] o.s.s.web.DefaultSecurityFilterChain     : Will secure Ant [pattern='/css/**'] with []
2021-09-06 13:37:34.314  INFO 21564 --- [restartedMain] o.s.s.web.DefaultSecurityFilterChain     : Will secure Ant [pattern='/js/**'] with []
2021-09-06 13:37:34.314  INFO 21564 --- [restartedMain] o.s.s.web.DefaultSecurityFilterChain     : Will secure Ant [pattern='/img/**'] with []
2021-09-06 13:37:34.341  INFO 21564 --- [restartedMain] o.s.s.web.DefaultSecurityFilterChain     : Will secure any request with [org.springframework.security.web.context.request.async.WebAsyncManagerIntegrationFilter@1875d88d, org.springframework.security.web.context.SecurityContextPersistenceFilter@74720f36, org.springframework.security.web.header.HeaderWriterFilter@64d3fb2, org.springframework.security.web.csrf.CsrfFilter@3217263a, org.springframework.security.web.authentication.logout.LogoutFilter@673baa40, net.deile.auth.CustomAuthenticationFilter@5b424436, org.springframework.security.web.authentication.UsernamePasswordAuthenticationFilter@33ae1b5e, org.springframework.security.web.savedrequest.RequestCacheAwareFilter@77b7bbbd, org.springframework.security.web.servletapi.SecurityContextHolderAwareRequestFilter@1226212b, org.springframework.security.web.authentication.AnonymousAuthenticationFilter@15d061e7, org.springframework.security.web.session.SessionManagementFilter@3f2ce37a, org.springframework.security.web.access.ExceptionTranslationFilter@6c27b78c, org.springframework.security.web.access.intercept.FilterSecurityInterceptor@16ab0506]
2021-09-06 13:37:34.515  INFO 21564 --- [restartedMain] o.s.b.a.w.s.WelcomePageHandlerMapping    : Adding welcome page template: index
2021-09-06 13:37:34.839  INFO 21564 --- [restartedMain] o.s.b.w.embedded.tomcat.TomcatWebServer  : Tomcat started on port(s): 8080 (http) with context path ''
2021-09-06 13:37:34.847  INFO 21564 --- [restartedMain] net.deile.SpringBootProjectApplication   : Started SpringBootProjectApplication in 2.948 seconds (JVM running for 3.873)
2021-09-06 13:37:41.391  INFO 21564 --- [http-nio-8080-exec-1] o.a.c.c.C.[Tomcat].[localhost].[/]       : Initializing Spring DispatcherServlet 'dispatcherServlet'
2021-09-06 13:37:41.393  INFO 21564 --- [http-nio-8080-exec-1] o.s.web.servlet.DispatcherServlet        : Initializing Servlet 'dispatcherServlet'
2021-09-06 13:37:41.394  INFO 21564 --- [http-nio-8080-exec-1] o.s.web.servlet.DispatcherServlet        : Completed initialization in 1 ms
2021-09-06 13:39:26.528  INFO 21564 --- [Thread-4] com.zaxxer.hikari.HikariDataSource       : HikariPool-1 - Shutdown initiated...
2021-09-06 13:39:26.537  INFO 21564 --- [Thread-4] com.zaxxer.hikari.HikariDataSource       : HikariPool-1 - Shutdown completed.
